<?xml version="1.0" encoding="UTF-8"?>
<!-- Generated by org.testng.reporters.JUnitReportReporter -->
<testsuite skipped="0" hostname="NACHOTIC" name="testAccount" tests="2" failures="0" timestamp="2021-08-06T11:51:22 CST" time="18.285" errors="0">
  <testcase name="test_Login" time="5.709" classname="testAccount"/>
  <testcase name="Test_Login_Unsuccessful" time="12.576" classname="testAccount"/>
</testsuite> <!-- testAccount -->
